[GIN-debug] [WARNING] Running in "debug" mode. Switch to "release" mode in production.
 - using env:	export GIN_MODE=release
 - using code:	gin.SetMode(gin.ReleaseMode)

[GIN-debug] GET    /css/*filepath            --> github.com/gin-gonic/gin.(*RouterGroup).createStaticHandler.func1 (5 handlers)
[GIN-debug] HEAD   /css/*filepath            --> github.com/gin-gonic/gin.(*RouterGroup).createStaticHandler.func1 (5 handlers)
[GIN-debug] Loaded HTML Templates (4): 
	- 
	- footer.html
	- header.html
	- index.html

[GIN-debug] GET    /api/cliente              --> main.main.func1 (5 handlers)
[GIN-debug] GET    /view/clientes            --> github.com/brisanet/cliente/controller.ClienteController.ShowAll-fm (5 handlers)
[GIN-debug] [WARNING] You trusted all proxies, this is NOT safe. We recommend you to set a value.
Please check https://pkg.go.dev/github.com/gin-gonic/gin#readme-don-t-trust-all-proxies for details.
[GIN-debug] Listening and serving HTTP on :8080
[GIN-debug] POST   /api/cliente              --> main.main.func1.1 (5 handlers)
[GIN-debug] GET    /api/cliente/:id          --> main.main.func1.2 (5 handlers)
::1 - [17 Feb 22 16:01 -03] GET /api/cliente 200 329.411µs 
::1 - [17 Feb 22 16:01 -03] POST /api/cliente 200 2.891192ms 
[GIN-debug] POST   /api/cliente              --> main.main.func1.1 (5 handlers)
[GIN-debug] [WARNING] Headers were already written. Wanted to override status code 200 with 500
::1 - [17 Feb 22 16:01 -03] POST /api/cliente 200 2.510854ms 
::1 - [17 Feb 22 16:01 -03] POST /api/cliente 200 1.66529ms 
::1 - [17 Feb 22 16:05 -03] POST /api/cliente 200 1.918112ms 
